/scratch/work/timonej3/R/
Loading required package: pROC
Type 'citation("pROC")' for a citation.

Attaching package: ‘pROC’

The following objects are masked from ‘package:stats’:

    cov, smooth, var

Loading required package: ggplot2
Loading required package: ggpubr
Loading required package: magrittr
  [1] "04_1"   "04_10"  "04_100" "04_101" "04_102" "04_103" "04_104" "04_105"
  [9] "04_106" "04_107" "04_108" "04_109" "04_11"  "04_110" "04_111" "04_112"
 [17] "04_113" "04_114" "04_115" "04_116" "04_117" "04_118" "04_119" "04_12" 
 [25] "04_120" "04_121" "04_122" "04_123" "04_124" "04_125" "04_126" "04_127"
 [33] "04_128" "04_129" "04_13"  "04_130" "04_131" "04_132" "04_133" "04_134"
 [41] "04_135" "04_136" "04_137" "04_138" "04_139" "04_14"  "04_140" "04_141"
 [49] "04_142" "04_143" "04_144" "04_145" "04_146" "04_147" "04_148" "04_149"
 [57] "04_15"  "04_150" "04_151" "04_152" "04_153" "04_154" "04_155" "04_156"
 [65] "04_157" "04_158" "04_159" "04_16"  "04_160" "04_161" "04_162" "04_163"
 [73] "04_164" "04_165" "04_166" "04_167" "04_168" "04_169" "04_17"  "04_170"
 [81] "04_171" "04_172" "04_173" "04_174" "04_175" "04_176" "04_177" "04_178"
 [89] "04_179" "04_18"  "04_180" "04_181" "04_182" "04_183" "04_184" "04_185"
 [97] "04_186" "04_187" "04_188" "04_189" "04_19"  "04_190" "04_191" "04_192"
[105] "04_193" "04_194" "04_195" "04_196" "04_197" "04_198" "04_199" "04_2"  
[113] "04_20"  "04_200" "04_201" "04_202" "04_203" "04_204" "04_205" "04_206"
[121] "04_207" "04_208" "04_209" "04_21"  "04_210" "04_211" "04_212" "04_213"
[129] "04_214" "04_215" "04_216" "04_217" "04_218" "04_219" "04_22"  "04_220"
[137] "04_221" "04_222" "04_223" "04_224" "04_225" "04_226" "04_227" "04_228"
[145] "04_229" "04_23"  "04_230" "04_231" "04_232" "04_233" "04_234" "04_235"
[153] "04_236" "04_237" "04_238" "04_239" "04_24"  "04_240" "04_241" "04_242"
[161] "04_243" "04_244" "04_245" "04_246" "04_247" "04_248" "04_249" "04_25" 
[169] "04_250" "04_251" "04_252" "04_253" "04_254" "04_255" "04_256" "04_257"
[177] "04_258" "04_259" "04_26"  "04_260" "04_261" "04_262" "04_263" "04_264"
[185] "04_265" "04_266" "04_267" "04_268" "04_269" "04_27"  "04_270" "04_271"
[193] "04_272" "04_273" "04_274" "04_275" "04_276" "04_277" "04_278" "04_279"
[201] "04_28"  "04_280" "04_281" "04_282" "04_283" "04_284" "04_285" "04_286"
[209] "04_287" "04_288" "04_289" "04_29"  "04_290" "04_291" "04_292" "04_293"
[217] "04_294" "04_295" "04_296" "04_297" "04_298" "04_299" "04_3"   "04_30" 
[225] "04_300" "04_31"  "04_32"  "04_33"  "04_34"  "04_35"  "04_36"  "04_37" 
[233] "04_38"  "04_39"  "04_4"   "04_40"  "04_41"  "04_42"  "04_43"  "04_44" 
[241] "04_45"  "04_46"  "04_47"  "04_48"  "04_49"  "04_5"   "04_50"  "04_51" 
[249] "04_52"  "04_53"  "04_54"  "04_55"  "04_56"  "04_57"  "04_58"  "04_59" 
[257] "04_6"   "04_60"  "04_61"  "04_62"  "04_63"  "04_64"  "04_65"  "04_66" 
[265] "04_67"  "04_68"  "04_69"  "04_7"   "04_70"  "04_71"  "04_72"  "04_73" 
[273] "04_74"  "04_75"  "04_76"  "04_77"  "04_78"  "04_79"  "04_8"   "04_80" 
[281] "04_81"  "04_82"  "04_83"  "04_84"  "04_85"  "04_86"  "04_87"  "04_88" 
[289] "04_89"  "04_9"   "04_90"  "04_91"  "04_92"  "04_93"  "04_94"  "04_95" 
[297] "04_96"  "04_97"  "04_98"  "04_99" 
res/04_1 ... 
res/04_10 ... 
res/04_100 ... 
res/04_101 ... 
res/04_102 ... 
res/04_103 ... 
res/04_104 ... 
res/04_105 ... 
res/04_106 ... 
res/04_107 ... 
res/04_108 ... 
res/04_109 ... 
res/04_11 ... 
res/04_110 ... 
res/04_111 ... 
res/04_112 ... 
res/04_113 ... 
res/04_114 ... 
res/04_115 ... 
res/04_116 ... 
res/04_117 ... 
res/04_118 ... 
res/04_119 ... 
res/04_12 ... 
res/04_120 ... 
res/04_121 ... 
res/04_122 ... 
res/04_123 ... 
res/04_124 ... 
res/04_125 ... 
res/04_126 ... 
res/04_127 ... 
res/04_128 ... 
res/04_129 ... 
res/04_13 ... 
res/04_130 ... 
res/04_131 ... 
res/04_132 ... 
res/04_133 ... 
res/04_134 ... 
res/04_135 ... 
res/04_136 ... 
res/04_137 ... 
res/04_138 ... 
res/04_139 ... 
res/04_14 ... 
res/04_140 ... 
res/04_141 ... 
res/04_142 ... 
res/04_143 ... 
res/04_144 ... 
res/04_145 ... 
res/04_146 ... 
res/04_147 ... 
res/04_148 ... 
res/04_149 ... 
res/04_15 ... 
res/04_150 ... 
res/04_151 ... 
res/04_152 ... 
res/04_153 ... 
res/04_154 ... 
res/04_155 ... 
res/04_156 ... 
res/04_157 ... 
res/04_158 ... 
res/04_159 ... 
res/04_16 ... 
res/04_160 ... 
res/04_161 ... 
res/04_162 ... 
res/04_163 ... 
res/04_164 ... 
res/04_165 ... 
res/04_166 ... 
res/04_167 ... 
res/04_168 ... 
res/04_169 ... 
res/04_17 ... 
res/04_170 ... 
res/04_171 ... 
res/04_172 ... 
res/04_173 ... 
res/04_174 ... 
res/04_175 ... 
res/04_176 ... 
res/04_177 ... 
res/04_178 ... 
res/04_179 ... 
res/04_18 ... 
res/04_180 ... 
res/04_181 ... 
res/04_182 ... 
res/04_183 ... 
res/04_184 ... 
res/04_185 ... 
res/04_186 ... 
res/04_187 ... 
res/04_188 ... 
res/04_189 ... 
res/04_19 ... 
res/04_190 ... 
res/04_191 ... 
res/04_192 ... 
res/04_193 ... 
res/04_194 ... 
res/04_195 ... 
res/04_196 ... 
res/04_197 ... 
res/04_198 ... 
res/04_199 ... 
res/04_2 ... 
res/04_20 ... 
res/04_200 ... 
res/04_201 ... 
res/04_202 ... 
res/04_203 ... 
res/04_204 ... 
res/04_205 ... 
res/04_206 ... 
res/04_207 ... 
res/04_208 ... 
res/04_209 ... 
res/04_21 ... 
res/04_210 ... 
res/04_211 ... 
res/04_212 ... 
res/04_213 ... 
res/04_214 ... 
res/04_215 ... 
res/04_216 ... 
res/04_217 ... 
res/04_218 ... 
res/04_219 ... 
res/04_22 ... 
res/04_220 ... 
res/04_221 ... 
res/04_222 ... 
res/04_223 ... 
res/04_224 ... 
res/04_225 ... 
res/04_226 ... 
res/04_227 ... 
res/04_228 ... 
res/04_229 ... 
res/04_23 ... 
res/04_230 ... 
res/04_231 ... 
res/04_232 ... 
res/04_233 ... 
res/04_234 ... 
res/04_235 ... 
res/04_236 ... 
res/04_237 ... 
res/04_238 ... 
res/04_239 ... 
res/04_24 ... 
res/04_240 ... 
res/04_241 ... 
res/04_242 ... 
res/04_243 ... 
res/04_244 ... 
res/04_245 ... 
res/04_246 ... 
res/04_247 ... 
res/04_248 ... 
res/04_249 ... 
res/04_25 ... 
res/04_250 ... 
res/04_251 ... 
res/04_252 ... 
res/04_253 ... 
res/04_254 ... 
res/04_255 ... 
res/04_256 ... 
res/04_257 ... 
res/04_258 ... 
res/04_259 ... 
res/04_26 ... 
res/04_260 ... 
res/04_261 ... 
res/04_262 ... 
res/04_263 ... 
res/04_264 ... 
res/04_265 ... 
res/04_266 ... 
res/04_267 ... 
res/04_268 ... 
res/04_269 ... 
res/04_27 ... 
res/04_270 ... 
res/04_271 ... 
res/04_272 ... 
res/04_273 ... 
res/04_274 ... 
res/04_275 ... 
res/04_276 ... 
res/04_277 ... 
res/04_278 ... 
res/04_279 ... 
res/04_28 ... 
res/04_280 ... 
res/04_281 ... 
res/04_282 ... 
res/04_283 ... 
res/04_284 ... 
res/04_285 ... 
res/04_286 ... 
res/04_287 ... 
res/04_288 ... 
res/04_289 ... 
res/04_29 ... 
res/04_290 ... 
res/04_291 ... 
res/04_292 ... 
res/04_293 ... 
res/04_294 ... 
res/04_295 ... 
res/04_296 ... 
res/04_297 ... 
res/04_298 ... 
res/04_299 ... 
res/04_3 ... 
res/04_30 ... 
res/04_300 ... 
res/04_31 ... 
res/04_32 ... 
res/04_33 ... 
res/04_34 ... 
res/04_35 ... 
res/04_36 ... 
res/04_37 ... 
res/04_38 ... 
res/04_39 ... 
res/04_4 ... 
res/04_40 ... 
res/04_41 ... 
res/04_42 ... 
res/04_43 ... 
res/04_44 ... 
res/04_45 ... 
res/04_46 ... 
res/04_47 ... 
res/04_48 ... 
res/04_49 ... 
res/04_5 ... 
res/04_50 ... 
res/04_51 ... 
res/04_52 ... 
res/04_53 ... 
res/04_54 ... 
res/04_55 ... 
res/04_56 ... 
res/04_57 ... 
res/04_58 ... 
res/04_59 ... 
res/04_6 ... 
res/04_60 ... 
res/04_61 ... 
res/04_62 ... 
res/04_63 ... 
res/04_64 ... 
res/04_65 ... 
res/04_66 ... 
res/04_67 ... 
res/04_68 ... 
res/04_69 ... 
res/04_7 ... 
res/04_70 ... 
res/04_71 ... 
res/04_72 ... 
res/04_73 ... 
res/04_74 ... 
res/04_75 ... 
res/04_76 ... 
res/04_77 ... 
res/04_78 ... 
res/04_79 ... 
res/04_8 ... 
res/04_80 ... 
res/04_81 ... 
res/04_82 ... 
res/04_83 ... 
res/04_84 ... 
res/04_85 ... 
res/04_86 ... 
res/04_87 ... 
res/04_88 ... 
res/04_89 ... 
res/04_9 ... 
res/04_90 ... 
res/04_91 ... 
res/04_92 ... 
res/04_93 ... 
res/04_94 ... 
res/04_95 ... 
res/04_96 ... 
res/04_97 ... 
res/04_98 ... 
res/04_99 ... 
Setting levels: control = 0, case = 1
Setting direction: controls < cases
Setting levels: control = 0, case = 1
Setting direction: controls < cases
Setting levels: control = 0, case = 1
Setting direction: controls < cases
Setting levels: control = 0, case = 1
Setting direction: controls < cases
Setting levels: control = 0, case = 1
Setting direction: controls < cases
Setting levels: control = 0, case = 1
Setting direction: controls < cases
Setting levels: control = 0, case = 1
Setting direction: controls < cases
Setting levels: control = 0, case = 1
Setting direction: controls < cases
